<?xml version="1.0" encoding="UTF-8"?>
<!-- Generated by org.testng.reporters.JUnitXMLReporter -->
<testsuite ignored="0" hostname="abhijet" failures="4" tests="4" name="firefoxTest" time="22.276" errors="0" timestamp="2023-02-09T12:43:43 IST">
  <testcase classname="TestNGNew.TestNGlinksCombine_New" name="clickOnTermsLink" time="1.564">
    <failure type="java.lang.AssertionError" message="termsLinks not working expected [https://www.facebook.com/legal/terms/update] but found [about:blank]">
      <![CDATA[java.lang.AssertionError: termsLinks not working expected [https://www.facebook.com/legal/terms/update] but found [about:blank]
at TestNGNew.TestNGlinksCombine_New.clickOnTermsLink(TestNGlinksCombine_New.java:91)
at java.base/java.util.concurrent.ThreadPoolExecutor.runWorker(ThreadPoolExecutor.java:1136)
at java.base/java.util.concurrent.ThreadPoolExecutor$Worker.run(ThreadPoolExecutor.java:635)
at java.base/java.lang.Thread.run(Thread.java:833)
... Removed 17 stack frames]]>
    </failure>
  </testcase> <!-- clickOnTermsLink -->
  <testcase classname="TestNGNew.TestNGlinksCombine_New" name="clickOnPrivacypolicy" time="0.873">
    <failure type="java.lang.AssertionError" message="privacy policy is not working expected [https://www.facebook.com/legal/terms/update] but found [about:blank]">
      <![CDATA[java.lang.AssertionError: privacy policy is not working expected [https://www.facebook.com/legal/terms/update] but found [about:blank]
at TestNGNew.TestNGlinksCombine_New.clickOnPrivacypolicy(TestNGlinksCombine_New.java:117)
at java.base/java.util.concurrent.ThreadPoolExecutor.runWorker(ThreadPoolExecutor.java:1136)
at java.base/java.util.concurrent.ThreadPoolExecutor$Worker.run(ThreadPoolExecutor.java:635)
at java.base/java.lang.Thread.run(Thread.java:833)
... Removed 17 stack frames]]>
    </failure>
  </testcase> <!-- clickOnPrivacypolicy -->
  <testcase classname="TestNGNew.TestNGlinksCombine_New" name="clickOnCookiesPolicyLink" time="0.741">
    <failure type="java.lang.AssertionError" message="privacypolicy not working expected [https://www.facebook.com/legal/terms/update] but found [about:blank]">
      <![CDATA[java.lang.AssertionError: privacypolicy not working expected [https://www.facebook.com/legal/terms/update] but found [about:blank]
at TestNGNew.TestNGlinksCombine_New.clickOnCookiesPolicyLink(TestNGlinksCombine_New.java:147)
at java.base/java.util.concurrent.ThreadPoolExecutor.runWorker(ThreadPoolExecutor.java:1136)
at java.base/java.util.concurrent.ThreadPoolExecutor$Worker.run(ThreadPoolExecutor.java:635)
at java.base/java.lang.Thread.run(Thread.java:833)
... Removed 17 stack frames]]>
    </failure>
  </testcase> <!-- clickOnCookiesPolicyLink -->
  <testcase classname="TestNGNew.TestNGlinksCombine_New" name="signupComplete" time="6.55">
    <failure type="org.openqa.selenium.interactions.MoveTargetOutOfBoundsException" message="(674, 644) is out of bounds of viewport width (1366) and height (643)
Build info: version: &amp;apos;3.141.59&amp;apos;, revision: &amp;apos;e82be7d358&amp;apos;, time: &amp;apos;2018-11-14T08:17:03&amp;apos;
System info: host: &amp;apos;ABHIJET&amp;apos;, ip: &amp;apos;192.168.36.93&amp;apos;, os.name: &amp;apos;Windows 10&amp;apos;, os.arch: &amp;apos;amd64&amp;apos;, os.version: &amp;apos;10.0&amp;apos;, java.version: &amp;apos;17.0.5&amp;apos;
Driver info: org.openqa.selenium.firefox.FirefoxDriver
Capabilities {acceptInsecureCerts: true, browserName: firefox, browserVersion: 109.0.1, javascriptEnabled: true, moz:accessibilityChecks: false, moz:buildID: 20230127170202, moz:geckodriverVersion: 0.31.0, moz:headless: false, moz:platformVersion: 10.0, moz:processID: 14592, moz:profile: C:\Users\rsc\AppData\Local\..., moz:shutdownTimeout: 60000, moz:useNonSpecCompliantPointerOrigin: false, moz:webdriverClick: true, moz:windowless: false, pageLoadStrategy: normal, platform: WINDOWS, platformName: WINDOWS, proxy: Proxy(), setWindowRect: true, strictFileInteractability: false, timeouts: {implicit: 0, pageLoad: 300000, script: 30000}, unhandledPromptBehavior: dismiss and notify}
Session ID: c1f1d312-3daa-4c86-9092-27dc2a6af025">
      <![CDATA[org.openqa.selenium.interactions.MoveTargetOutOfBoundsException: (674, 644) is out of bounds of viewport width (1366) and height (643)
Build info: version: '3.141.59', revision: 'e82be7d358', time: '2018-11-14T08:17:03'
System info: host: 'ABHIJET', ip: '192.168.36.93', os.name: 'Windows 10', os.arch: 'amd64', os.version: '10.0', java.version: '17.0.5'
Driver info: org.openqa.selenium.firefox.FirefoxDriver
Capabilities {acceptInsecureCerts: true, browserName: firefox, browserVersion: 109.0.1, javascriptEnabled: true, moz:accessibilityChecks: false, moz:buildID: 20230127170202, moz:geckodriverVersion: 0.31.0, moz:headless: false, moz:platformVersion: 10.0, moz:processID: 14592, moz:profile: C:\Users\rsc\AppData\Local\..., moz:shutdownTimeout: 60000, moz:useNonSpecCompliantPointerOrigin: false, moz:webdriverClick: true, moz:windowless: false, pageLoadStrategy: normal, platform: WINDOWS, platformName: WINDOWS, proxy: Proxy(), setWindowRect: true, strictFileInteractability: false, timeouts: {implicit: 0, pageLoad: 300000, script: 30000}, unhandledPromptBehavior: dismiss and notify}
Session ID: c1f1d312-3daa-4c86-9092-27dc2a6af025
at org.openqa.selenium.remote.http.W3CHttpResponseCodec.createException(W3CHttpResponseCodec.java:187)
at org.openqa.selenium.remote.http.W3CHttpResponseCodec.decode(W3CHttpResponseCodec.java:122)
at org.openqa.selenium.remote.http.W3CHttpResponseCodec.decode(W3CHttpResponseCodec.java:49)
at org.openqa.selenium.remote.HttpCommandExecutor.execute(HttpCommandExecutor.java:158)
at org.openqa.selenium.remote.service.DriverCommandExecutor.execute(DriverCommandExecutor.java:83)
at org.openqa.selenium.remote.RemoteWebDriver.execute(RemoteWebDriver.java:552)
at org.openqa.selenium.remote.RemoteWebDriver.perform(RemoteWebDriver.java:618)
at org.openqa.selenium.interactions.Actions$BuiltAction.perform(Actions.java:639)
at pomModules.Signup.clickOnsubmitButton(Signup.java:159)
at TestNGNew.TestNGlinksCombine_New.signupComplete(TestNGlinksCombine_New.java:180)
at java.base/java.util.concurrent.ThreadPoolExecutor.runWorker(ThreadPoolExecutor.java:1136)
at java.base/java.util.concurrent.ThreadPoolExecutor$Worker.run(ThreadPoolExecutor.java:635)
at java.base/java.lang.Thread.run(Thread.java:833)
... Removed 17 stack frames]]>
    </failure>
  </testcase> <!-- signupComplete -->
</testsuite> <!-- firefoxTest -->
