<?xml version="1.0" encoding="UTF-8"?>
<!-- Generated by org.testng.reporters.JUnitXMLReporter -->
<testsuite ignored="0" hostname="abhijet" failures="0" tests="1" name="Test" time="8.967" errors="0" timestamp="2023-02-09T12:16:59 IST">
  <testcase classname="TestNGNew.TestNGpack_signinNew" name="@BeforeMethod clickOnCrateNewAccount" time="6.673">
    <failure type="org.openqa.selenium.NoSuchElementException" message="Cannot locate element with text: birth
For documentation on this error, please visit: https://www.seleniumhq.org/exceptions/no_such_element.html
Build info: version: &amp;apos;3.141.59&amp;apos;, revision: &amp;apos;e82be7d358&amp;apos;, time: &amp;apos;2018-11-14T08:17:03&amp;apos;
System info: host: &amp;apos;ABHIJET&amp;apos;, ip: &amp;apos;192.168.36.93&amp;apos;, os.name: &amp;apos;Windows 10&amp;apos;, os.arch: &amp;apos;amd64&amp;apos;, os.version: &amp;apos;10.0&amp;apos;, java.version: &amp;apos;17.0.5&amp;apos;
Driver info: driver.version: unknown">
      <![CDATA[org.openqa.selenium.NoSuchElementException: Cannot locate element with text: birth
For documentation on this error, please visit: https://www.seleniumhq.org/exceptions/no_such_element.html
Build info: version: '3.141.59', revision: 'e82be7d358', time: '2018-11-14T08:17:03'
System info: host: 'ABHIJET', ip: '192.168.36.93', os.name: 'Windows 10', os.arch: 'amd64', os.version: '10.0', java.version: '17.0.5'
Driver info: driver.version: unknown
at org.openqa.selenium.support.ui.Select.selectByVisibleText(Select.java:147)
at pomModules.Signup.sendkeysOnDayOfBirth(Signup.java:102)
at TestNGNew.TestNGpack_signinNew.clickOnCrateNewAccount(TestNGpack_signinNew.java:72)
at java.base/java.util.ArrayList.forEach(ArrayList.java:1511)
... Removed 31 stack frames]]>
    </failure>
  </testcase> <!-- @BeforeMethod clickOnCrateNewAccount -->
  <testcase classname="TestNGNew.TestNGpack_signinNew" name="@AfterMethod afterMethod" time="0.0">
    <skipped/>
  </testcase> <!-- @AfterMethod afterMethod -->
  <testcase classname="TestNGNew.TestNGpack_signinNew" name="@AfterClass afterClass" time="0.0">
    <skipped/>
  </testcase> <!-- @AfterClass afterClass -->
  <testcase classname="TestNGNew.TestNGpack_signinNew" name="@AfterTest afterTest" time="0.0">
    <skipped/>
  </testcase> <!-- @AfterTest afterTest -->
  <testcase classname="TestNGNew.TestNGpack_signinNew" name="test" time="0.001">
    <skipped/>
  </testcase> <!-- test -->
</testsuite> <!-- Test -->
