<?xml version="1.0" encoding="UTF-8"?>
<!-- Generated by org.testng.reporters.JUnitXMLReporter -->
<testsuite ignored="0" hostname="abhijet" failures="0" tests="4" name="Default test" time="0.163" errors="0" timestamp="2023-02-07T09:28:51 IST">
  <testcase classname="TestNGNew.TestNGlinksCombine_New" name="@BeforeTest openBrowserLaunchApplication" time="-1.675742331382E9">
    <failure type="org.testng.TestNGException" message="
Parameter &amp;apos;browser123&amp;apos; is required by BeforeTest on method openBrowserLaunchApplication but has not been marked @Optional or defined
in C:\Users\rsc\AppData\Local\Temp\testng-eclipse-42057787\testng-customsuite.xml">
      <![CDATA[org.testng.TestNGException: 
Parameter 'browser123' is required by BeforeTest on method openBrowserLaunchApplication but has not been marked @Optional or defined
in C:\Users\rsc\AppData\Local\Temp\testng-eclipse-42057787\testng-customsuite.xml
at org.testng.internal.Parameters.createParams(Parameters.java:267)
at org.testng.internal.Parameters.createParametersForMethod(Parameters.java:355)
at org.testng.internal.Parameters.createParameters(Parameters.java:660)
at org.testng.internal.Parameters.createConfigurationParameters(Parameters.java:166)
at org.testng.internal.invokers.ConfigInvoker.invokeConfigurations(ConfigInvoker.java:300)
at org.testng.TestRunner.invokeTestConfigurations(TestRunner.java:645)
at org.testng.TestRunner.beforeRun(TestRunner.java:634)
at org.testng.TestRunner.run(TestRunner.java:596)
at org.testng.SuiteRunner.runTest(SuiteRunner.java:429)
at org.testng.SuiteRunner.runSequentially(SuiteRunner.java:423)
at org.testng.SuiteRunner.privateRun(SuiteRunner.java:383)
at org.testng.SuiteRunner.run(SuiteRunner.java:326)
at org.testng.SuiteRunnerWorker.runSuite(SuiteRunnerWorker.java:52)
at org.testng.SuiteRunnerWorker.run(SuiteRunnerWorker.java:95)
at org.testng.TestNG.runSuitesSequentially(TestNG.java:1249)
at org.testng.TestNG.runSuitesLocally(TestNG.java:1169)
at org.testng.TestNG.runSuites(TestNG.java:1092)
at org.testng.TestNG.run(TestNG.java:1060)
at org.testng.remote.AbstractRemoteTestNG.run(AbstractRemoteTestNG.java:115)
at org.testng.remote.RemoteTestNG.initAndRun(RemoteTestNG.java:251)
at org.testng.remote.RemoteTestNG.main(RemoteTestNG.java:77)
]]>
    </failure>
  </testcase> <!-- @BeforeTest openBrowserLaunchApplication -->
  <testcase classname="TestNGNew.TestNGlinksCombine_New" name="@BeforeClass beforeClass" time="0.0">
    <skipped/>
  </testcase> <!-- @BeforeClass beforeClass -->
  <testcase classname="TestNGNew.TestNGlinksCombine_New" name="@BeforeMethod clickOnLoginButton" time="0.0">
    <skipped/>
  </testcase> <!-- @BeforeMethod clickOnLoginButton -->
  <testcase classname="TestNGNew.TestNGlinksCombine_New" name="@AfterMethod backtoHomepage2" time="0.0">
    <skipped/>
  </testcase> <!-- @AfterMethod backtoHomepage2 -->
  <testcase classname="TestNGNew.TestNGlinksCombine_New" name="@BeforeMethod clickOnLoginButton" time="0.0">
    <skipped/>
  </testcase> <!-- @BeforeMethod clickOnLoginButton -->
  <testcase classname="TestNGNew.TestNGlinksCombine_New" name="@AfterMethod backtoHomepage2" time="0.0">
    <skipped/>
  </testcase> <!-- @AfterMethod backtoHomepage2 -->
  <testcase classname="TestNGNew.TestNGlinksCombine_New" name="@BeforeMethod clickOnLoginButton" time="0.0">
    <skipped/>
  </testcase> <!-- @BeforeMethod clickOnLoginButton -->
  <testcase classname="TestNGNew.TestNGlinksCombine_New" name="@AfterMethod backtoHomepage2" time="0.0">
    <skipped/>
  </testcase> <!-- @AfterMethod backtoHomepage2 -->
  <testcase classname="TestNGNew.TestNGlinksCombine_New" name="@BeforeMethod clickOnLoginButton" time="0.0">
    <skipped/>
  </testcase> <!-- @BeforeMethod clickOnLoginButton -->
  <testcase classname="TestNGNew.TestNGlinksCombine_New" name="@AfterMethod backtoHomepage2" time="0.0">
    <skipped/>
  </testcase> <!-- @AfterMethod backtoHomepage2 -->
  <testcase classname="TestNGNew.TestNGlinksCombine_New" name="@AfterClass afterClass" time="0.0">
    <skipped/>
  </testcase> <!-- @AfterClass afterClass -->
  <testcase classname="TestNGNew.TestNGlinksCombine_New" name="@AfterTest afterTest" time="0.0">
    <skipped/>
  </testcase> <!-- @AfterTest afterTest -->
  <testcase classname="TestNGNew.TestNGlinksCombine_New" name="clickOnTermsLink" time="0.0">
    <skipped/>
  </testcase> <!-- clickOnTermsLink -->
  <testcase classname="TestNGNew.TestNGlinksCombine_New" name="clickOnPrivacypolicy" time="0.0">
    <skipped/>
  </testcase> <!-- clickOnPrivacypolicy -->
  <testcase classname="TestNGNew.TestNGlinksCombine_New" name="clickOnCookiesPolicyLink" time="0.0">
    <skipped/>
  </testcase> <!-- clickOnCookiesPolicyLink -->
  <testcase classname="TestNGNew.TestNGlinksCombine_New" name="signupComplete" time="0.0">
    <skipped/>
  </testcase> <!-- signupComplete -->
</testsuite> <!-- Default test -->
