<?xml version="1.0" encoding="UTF-8"?>
<!-- Generated by org.testng.reporters.JUnitXMLReporter -->
<testsuite ignored="0" hostname="abhijet" failures="1" tests="2" name="ChromeTest" time="19.698" errors="0" timestamp="2023-02-09T07:36:22 IST">
  <testcase classname="TestNGNew.TestNGPack_forgotNew" name="test" time="0.013"/>
  <testcase classname="TestNGNew.TestClassLoginNew" name="test" time="12.847">
    <failure type="java.lang.AssertionError" message="fb login title expected [Facebook – log in or sign up] but found [(6) Facebook]">
      <![CDATA[java.lang.AssertionError: fb login title expected [Facebook – log in or sign up] but found [(6) Facebook]
at TestNGNew.TestClassLoginNew.test(TestClassLoginNew.java:82)
at java.base/java.util.concurrent.ThreadPoolExecutor.runWorker(ThreadPoolExecutor.java:1136)
at java.base/java.util.concurrent.ThreadPoolExecutor$Worker.run(ThreadPoolExecutor.java:635)
at java.base/java.lang.Thread.run(Thread.java:833)
... Removed 17 stack frames]]>
    </failure>
  </testcase> <!-- test -->
</testsuite> <!-- ChromeTest -->
